2022-11-02 10:41:25,083 [Worker-3: Loading available Gradle versions] INFO  o.e.b.c.i.u.g.PublishedGradleVersions - Gradle version information cache is out-of-date. Trying to update.
2022-11-02 10:46:15,823 [Worker-6: Import Getting Started Content] INFO  o.e.m.c.i.l.LifecycleMappingFactory - Using org.eclipse.m2e.jdt.JarLifecycleMapping lifecycle mapping for MavenProject: js.andres:SpringBoot_Webpay:0.0.1-SNAPSHOT @ D:\Autodidacta\1._Cursos_Udemy\4._Spring_Boot\SpringBoot_Webplay_Transbank\SpringBoot_Webplay_Transbank\SpringBoot_Webpay\pom.xml.
2022-11-02 10:46:21,635 [Worker-6: Import Getting Started Content] INFO  o.e.m.j.i.AbstractJavaProjectConfigurator - Adding source folder /SpringBoot_Webpay/src/main/java
2022-11-02 10:46:21,636 [Worker-6: Import Getting Started Content] INFO  o.e.m.j.i.AbstractJavaProjectConfigurator - Adding resource folder /SpringBoot_Webpay/src/main/resources
2022-11-02 10:46:21,644 [Worker-6: Import Getting Started Content] INFO  o.e.m.j.i.AbstractJavaProjectConfigurator - Adding resource folder /SpringBoot_Webpay/src/main/resources
2022-11-02 10:46:21,653 [Worker-6: Import Getting Started Content] INFO  o.e.m.j.i.AbstractJavaProjectConfigurator - Adding source folder /SpringBoot_Webpay/src/test/java
2022-11-02 10:46:25,580 [Worker-6: Import Getting Started Content] INFO  o.e.m.c.i.p.ProjectConfigurationManager - Imported and configured 1 project(s) in 13 sec
2022-11-02 10:46:25,585 [Worker-6: Import Getting Started Content] INFO  o.e.m.c.i.p.ProjectConfigurationManager - Update started
2022-11-02 10:46:25,965 [Worker-6: Import Getting Started Content] INFO  o.e.m.c.i.l.LifecycleMappingFactory - Using org.eclipse.m2e.jdt.JarLifecycleMapping lifecycle mapping for MavenProject: js.andres:SpringBoot_Webpay:0.0.1-SNAPSHOT @ D:\Autodidacta\1._Cursos_Udemy\4._Spring_Boot\SpringBoot_Webplay_Transbank\SpringBoot_Webplay_Transbank\SpringBoot_Webpay\pom.xml.
2022-11-02 10:46:26,753 [Worker-6: Import Getting Started Content] INFO  o.e.m.j.i.AbstractJavaProjectConfigurator - Adding source folder /SpringBoot_Webpay/src/main/java
2022-11-02 10:46:26,753 [Worker-6: Import Getting Started Content] INFO  o.e.m.j.i.AbstractJavaProjectConfigurator - Adding resource folder /SpringBoot_Webpay/src/main/resources
2022-11-02 10:46:26,754 [Worker-6: Import Getting Started Content] INFO  o.e.m.j.i.AbstractJavaProjectConfigurator - Adding resource folder /SpringBoot_Webpay/src/main/resources
2022-11-02 10:46:26,755 [Worker-6: Import Getting Started Content] INFO  o.e.m.j.i.AbstractJavaProjectConfigurator - Adding source folder /SpringBoot_Webpay/src/test/java
2022-11-02 10:46:27,249 [Worker-6: Import Getting Started Content] INFO  o.e.m.c.i.p.ProjectConfigurationManager - Update completed: 1 sec
2022-11-02 10:46:28,423 [Worker-12: Building] INFO  o.e.m.c.i.embedder.EclipseLogger - Using 'UTF-8' encoding to copy filtered resources.
2022-11-02 10:46:28,423 [Worker-12: Building] INFO  o.e.m.c.i.embedder.EclipseLogger - Using 'UTF-8' encoding to copy filtered properties files.
2022-11-02 10:46:28,427 [Worker-12: Building] INFO  o.e.m.c.i.embedder.EclipseLogger - Copying 1 resource
2022-11-02 10:46:28,446 [Worker-12: Building] INFO  o.e.m.c.i.embedder.EclipseLogger - Copying 0 resource
2022-11-02 10:46:28,449 [Worker-12: Building] INFO  o.e.m.c.i.embedder.EclipseLogger - Using 'UTF-8' encoding to copy filtered resources.
2022-11-02 10:46:28,450 [Worker-12: Building] INFO  o.e.m.c.i.embedder.EclipseLogger - Using 'UTF-8' encoding to copy filtered properties files.
2022-11-02 10:46:28,450 [Worker-12: Building] INFO  o.e.m.c.i.embedder.EclipseLogger - skip non existing resourceDirectory D:\Autodidacta\1._Cursos_Udemy\4._Spring_Boot\SpringBoot_Webplay_Transbank\SpringBoot_Webplay_Transbank\SpringBoot_Webpay\src\test\resources
